0 info it worked if it ends with ok
1 verbose cli [ 'node', '/usr/local/bin/npm', 'run', 'hot-dev-server' ]
2 info using npm@1.4.23
3 info using node@v0.10.21
4 verbose run-script [ 'prehot-dev-server', 'hot-dev-server', 'posthot-dev-server' ]
5 info prehot-dev-server react-starter@0.0.0
6 info hot-dev-server react-starter@0.0.0
7 verbose unsafe-perm in lifecycle true
8 info react-starter@0.0.0 Failed to exec hot-dev-server script
9 error react-starter@0.0.0 hot-dev-server: `webpack-dev-server --content-base config/dev-server-public --config webpack-hot-dev-server.config.js --hot --progress --colors --port 2992`
9 error Exit status 8
10 error Failed at the react-starter@0.0.0 hot-dev-server script.
10 error This is most likely a problem with the react-starter package,
10 error not with npm itself.
10 error Tell the author that this fails on your system:
10 error     webpack-dev-server --content-base config/dev-server-public --config webpack-hot-dev-server.config.js --hot --progress --colors --port 2992
10 error You can get their info via:
10 error     npm owner ls react-starter
10 error There is likely additional logging output above.
11 error System Darwin 13.4.0
12 error command "node" "/usr/local/bin/npm" "run" "hot-dev-server"
13 error cwd /Applications/MAMP/htdocs/kevin-dutton-react
14 error node -v v0.10.21
15 error npm -v 1.4.23
16 error code ELIFECYCLE
17 verbose exit [ 1, true ]
